<?xml version="1.0" encoding="UTF-8"?>
<testng-results ignored="0" total="1" passed="1" failed="0" skipped="0">
  <reporter-output>
  </reporter-output>
  <suite started-at="2020-08-25T19:04:57 BST" name="inetbankingV1" finished-at="2020-08-25T19:05:16 BST" duration-ms="19121">
    <groups>
    </groups>
    <test started-at="2020-08-25T19:04:57 BST" name="BankingApp Test" finished-at="2020-08-25T19:05:16 BST" duration-ms="19121">
      <class name="com.intebanking.testCases.TC_AddCustomer_003">
        <test-method is-config="true" signature="setup(java.lang.String)[pri:0, instance:com.intebanking.testCases.TC_AddCustomer_003@62e136d3]" started-at="2020-08-25T19:04:57 BST" name="setup" finished-at="2020-08-25T19:05:03 BST" duration-ms="5914" status="PASS">
          <params>
            <param index="0">
              <value>
                <![CDATA[chrome]]>
              </value>
            </param>
          </params>
          <reporter-output>
          </reporter-output>
        </test-method> <!-- setup -->
        <test-method signature="addNewCustomer()[pri:0, instance:com.intebanking.testCases.TC_AddCustomer_003@62e136d3]" started-at="2020-08-25T19:05:03 BST" name="addNewCustomer" finished-at="2020-08-25T19:05:16 BST" duration-ms="12934" status="PASS">
          <reporter-output>
          </reporter-output>
        </test-method> <!-- addNewCustomer -->
        <test-method is-config="true" signature="treaDown()[pri:0, instance:com.intebanking.testCases.TC_AddCustomer_003@62e136d3]" started-at="2020-08-25T19:05:16 BST" name="treaDown" finished-at="2020-08-25T19:05:16 BST" duration-ms="126" status="PASS">
          <reporter-output>
          </reporter-output>
        </test-method> <!-- treaDown -->
      </class> <!-- com.intebanking.testCases.TC_AddCustomer_003 -->
    </test> <!-- BankingApp Test -->
  </suite> <!-- inetbankingV1 -->
</testng-results>
